<?xml version="1.0" encoding="UTF-8"?>
<!-- Generated by org.testng.reporters.JUnitXMLReporter -->
<testsuite ignored="0" hostname="Gagans-MacBook-Pro.local" failures="1" tests="6" name="Default test(failed)" time="18.187" errors="0" timestamp="2024-11-27T10:47:25 IST">
  <testcase classname="com.comcast.crm.listner.TS_04_NetworkTest" name="activateSimTest" time="0.004">
    <skipped/>
  </testcase> <!-- activateSimTest -->
  <testcase classname="com.comcast.crm.listner.TS_04_NetworkTest" name="activateSimTest" time="0.0">
    <skipped/>
  </testcase> <!-- activateSimTest -->
  <testcase classname="com.comcast.crm.listner.TS_04_NetworkTest" name="activateSimTest" time="0.001">
    <skipped/>
  </testcase> <!-- activateSimTest -->
  <testcase classname="com.comcast.crm.listner.TS_04_NetworkTest" name="activateSimTest" time="0.001">
    <skipped/>
  </testcase> <!-- activateSimTest -->
  <testcase classname="com.comcast.crm.listner.TS_04_NetworkTest" name="activateSimTest" time="0.0">
    <skipped/>
  </testcase> <!-- activateSimTest -->
  <testcase classname="com.comcast.crm.listner.TS_04_NetworkTest" name="activateSimTest" time="0.001">
    <failure type="java.lang.AssertionError" message="expected:&amp;lt;&amp;gt; but was:&amp;lt;Home&amp;gt;">
      <![CDATA[java.lang.AssertionError: expected:<> but was:<Home>
at com.comcast.crm.listner.TS_04_NetworkTest.activateSimTest(TS_04_NetworkTest.java:15)
at java.base/java.util.ArrayList.forEach(ArrayList.java:1596)
... Removed 27 stack frames]]>
    </failure>
  </testcase> <!-- activateSimTest -->
</testsuite> <!-- Default test(failed) -->
