<?xml version="1.0" encoding="UTF-8"?>
<!-- Generated by org.testng.reporters.JUnitXMLReporter -->
<testsuite ignored="2" hostname="Gagans-MacBook-Pro.local" failures="1" tests="1" name="Test" time="26.37" errors="0" timestamp="2024-12-05T13:26:32 IST">
  <testcase classname="com.comcast.crm.orgtest.TS_01_CreateOrganizationTest" name="createOrgTest" time="10.045">
    <failure type="java.lang.AssertionError" message="expected [false] but found [true]">
      <![CDATA[java.lang.AssertionError: expected [false] but found [true]
at com.comcast.crm.orgtest.TS_01_CreateOrganizationTest.createOrgTest(TS_01_CreateOrganizationTest.java:56)
at java.base/java.util.ArrayList.forEach(ArrayList.java:1596)
... Removed 32 stack frames]]>
    </failure>
  </testcase> <!-- createOrgTest -->
  <testcase classname="com.comcast.crm.orgtest.TS_01_CreateOrganizationTest" name="createOrganizationWithTypeTest" time="0.0">
    <ignored/>
  </testcase> <!-- createOrganizationWithTypeTest -->
  <testcase classname="com.comcast.crm.orgtest.TS_01_CreateOrganizationTest" name="createOrganizationWithPhoneNumberTest" time="0.0">
    <ignored/>
  </testcase> <!-- createOrganizationWithPhoneNumberTest -->
</testsuite> <!-- Test -->
