<?xml version="1.0" encoding="UTF-8"?>
<testng-results ignored="2" total="3" passed="0" failed="1" skipped="0">
  <reporter-output>
  </reporter-output>
  <suite started-at="2024-12-05T13:26:05 IST" name="Suite" finished-at="2024-12-05T13:26:32 IST" duration-ms="26370">
    <groups>
      <group name="smokeTesting">
        <method signature="TS_01_CreateOrganizationTest.createOrgTest()[pri:0, instance:com.comcast.crm.orgtest.TS_01_CreateOrganizationTest@7674f035]" name="createOrgTest" class="com.comcast.crm.orgtest.TS_01_CreateOrganizationTest"/>
      </group> <!-- smokeTesting -->
    </groups>
    <test started-at="2024-12-05T13:26:05 IST" name="Test" finished-at="2024-12-05T13:26:32 IST" duration-ms="26370">
      <class name="com.comcast.crm.orgtest.TS_01_CreateOrganizationTest">
        <test-method is-config="true" signature="connectToDB()[pri:0, instance:com.comcast.crm.orgtest.TS_01_CreateOrganizationTest@7674f035]" started-at="2024-12-05T13:26:05 IST" name="connectToDB" finished-at="2024-12-05T13:26:05 IST" duration-ms="3" status="PASS">
          <reporter-output>
          </reporter-output>
        </test-method> <!-- connectToDB -->
        <test-method is-config="true" signature="openBrowser()[pri:0, instance:com.comcast.crm.orgtest.TS_01_CreateOrganizationTest@7674f035]" started-at="2024-12-05T13:26:05 IST" name="openBrowser" finished-at="2024-12-05T13:26:15 IST" duration-ms="10128" status="PASS">
          <reporter-output>
          </reporter-output>
        </test-method> <!-- openBrowser -->
        <test-method is-config="true" signature="login()[pri:0, instance:com.comcast.crm.orgtest.TS_01_CreateOrganizationTest@7674f035]" started-at="2024-12-05T13:26:15 IST" name="login" finished-at="2024-12-05T13:26:20 IST" duration-ms="5011" status="PASS">
          <reporter-output>
          </reporter-output>
        </test-method> <!-- login -->
        <test-method signature="createOrgTest()[pri:0, instance:com.comcast.crm.orgtest.TS_01_CreateOrganizationTest@7674f035]" started-at="2024-12-05T13:26:20 IST" name="createOrgTest" finished-at="2024-12-05T13:26:30 IST" duration-ms="10045" status="FAIL">
          <exception class="java.lang.AssertionError">
            <message>
              <![CDATA[expected [false] but found [true]]]>
            </message>
            <full-stacktrace>
              <![CDATA[java.lang.AssertionError: expected [false] but found [true]
at org.testng.Assert.fail(Assert.java:110)
at org.testng.Assert.failNotEquals(Assert.java:1577)
at org.testng.Assert.assertEqualsImpl(Assert.java:149)
at org.testng.Assert.assertEquals(Assert.java:131)
at org.testng.Assert.assertEquals(Assert.java:1066)
at org.testng.Assert.assertEquals(Assert.java:1030)
at org.testng.Assert.assertEquals(Assert.java:1076)
at com.comcast.crm.orgtest.TS_01_CreateOrganizationTest.createOrgTest(TS_01_CreateOrganizationTest.java:56)
at java.base/jdk.internal.reflect.DirectMethodHandleAccessor.invoke(DirectMethodHandleAccessor.java:103)
at java.base/java.lang.reflect.Method.invoke(Method.java:580)
at org.testng.internal.invokers.MethodInvocationHelper.invokeMethod(MethodInvocationHelper.java:139)
at org.testng.internal.invokers.TestInvoker.invokeMethod(TestInvoker.java:677)
at org.testng.internal.invokers.TestInvoker.invokeTestMethod(TestInvoker.java:221)
at org.testng.internal.invokers.MethodRunner.runInSequence(MethodRunner.java:50)
at org.testng.internal.invokers.TestInvoker$MethodInvocationAgent.invoke(TestInvoker.java:969)
at org.testng.internal.invokers.TestInvoker.invokeTestMethods(TestInvoker.java:194)
at org.testng.internal.invokers.TestMethodWorker.invokeTestMethods(TestMethodWorker.java:148)
at org.testng.internal.invokers.TestMethodWorker.run(TestMethodWorker.java:128)
at java.base/java.util.ArrayList.forEach(ArrayList.java:1596)
at org.testng.TestRunner.privateRun(TestRunner.java:829)
at org.testng.TestRunner.run(TestRunner.java:602)
at org.testng.SuiteRunner.runTest(SuiteRunner.java:437)
at org.testng.SuiteRunner.runSequentially(SuiteRunner.java:431)
at org.testng.SuiteRunner.privateRun(SuiteRunner.java:391)
at org.testng.SuiteRunner.run(SuiteRunner.java:330)
at org.testng.SuiteRunnerWorker.runSuite(SuiteRunnerWorker.java:52)
at org.testng.SuiteRunnerWorker.run(SuiteRunnerWorker.java:95)
at org.testng.TestNG.runSuitesSequentially(TestNG.java:1256)
at org.testng.TestNG.runSuitesLocally(TestNG.java:1176)
at org.testng.TestNG.runSuites(TestNG.java:1099)
at org.testng.TestNG.run(TestNG.java:1067)
at org.testng.remote.AbstractRemoteTestNG.run(AbstractRemoteTestNG.java:115)
at org.testng.remote.RemoteTestNG.initAndRun(RemoteTestNG.java:293)
at org.testng.remote.RemoteTestNG.main(RemoteTestNG.java:91)
]]>
            </full-stacktrace>
          </exception> <!-- java.lang.AssertionError -->
          <reporter-output>
          </reporter-output>
        </test-method> <!-- createOrgTest -->
        <test-method is-config="true" signature="logout()[pri:0, instance:com.comcast.crm.orgtest.TS_01_CreateOrganizationTest@7674f035]" started-at="2024-12-05T13:26:31 IST" name="logout" finished-at="2024-12-05T13:26:31 IST" duration-ms="859" status="PASS">
          <reporter-output>
          </reporter-output>
        </test-method> <!-- logout -->
        <test-method is-config="true" signature="closeBrowser()[pri:0, instance:com.comcast.crm.orgtest.TS_01_CreateOrganizationTest@7674f035]" started-at="2024-12-05T13:26:31 IST" name="closeBrowser" finished-at="2024-12-05T13:26:32 IST" duration-ms="117" status="PASS">
          <reporter-output>
          </reporter-output>
        </test-method> <!-- closeBrowser -->
        <test-method is-config="true" signature="disconnectFromDB()[pri:0, instance:com.comcast.crm.orgtest.TS_01_CreateOrganizationTest@7674f035]" started-at="2024-12-05T13:26:32 IST" name="disconnectFromDB" finished-at="2024-12-05T13:26:32 IST" duration-ms="0" status="PASS">
          <reporter-output>
          </reporter-output>
        </test-method> <!-- disconnectFromDB -->
      </class> <!-- com.comcast.crm.orgtest.TS_01_CreateOrganizationTest -->
    </test> <!-- Test -->
  </suite> <!-- Suite -->
</testng-results>
